d:\code\windows_driver\demokmdf\demokmdf\x64\debug\vc143.pdb
d:\code\windows_driver\demokmdf\demokmdf\x64\debug\queue.obj
d:\code\windows_driver\demokmdf\demokmdf\x64\debug\driver.obj
d:\code\windows_driver\demokmdf\demokmdf\x64\debug\device.obj
d:\code\windows_driver\demokmdf\x64\debug\demokmdf\demokmdf.cat
d:\code\windows_driver\demokmdf\x64\debug\demokmdf.sys
d:\code\windows_driver\demokmdf\x64\debug\demokmdf.pdb
d:\code\windows_driver\demokmdf\demokmdf\x64\debug\demokmdf.inf
d:\code\windows_driver\demokmdf\x64\debug\demokmdf.cer
d:\code\windows_driver\demokmdf\x64\debug\demokmdf.inf
d:\code\windows_driver\demokmdf\demokmdf\x64\debug\demokmdf.tlog\cl.command.1.tlog
d:\code\windows_driver\demokmdf\demokmdf\x64\debug\demokmdf.tlog\cl.read.1.tlog
d:\code\windows_driver\demokmdf\demokmdf\x64\debug\demokmdf.tlog\cl.write.1.tlog
d:\code\windows_driver\demokmdf\demokmdf\x64\debug\demokmdf.tlog\inf2cat-expand.6772.read.1.tlog
d:\code\windows_driver\demokmdf\demokmdf\x64\debug\demokmdf.tlog\inf2cat-expand.6772.write.1.tlog
d:\code\windows_driver\demokmdf\demokmdf\x64\debug\demokmdf.tlog\inf2cat-expand.read.1.tlog
d:\code\windows_driver\demokmdf\demokmdf\x64\debug\demokmdf.tlog\inf2cat-expand.write.1.tlog
d:\code\windows_driver\demokmdf\demokmdf\x64\debug\demokmdf.tlog\inf2cat.command.1.tlog
d:\code\windows_driver\demokmdf\demokmdf\x64\debug\demokmdf.tlog\inf2cat.read.1.tlog
d:\code\windows_driver\demokmdf\demokmdf\x64\debug\demokmdf.tlog\inf2cat.write.1.tlog
d:\code\windows_driver\demokmdf\demokmdf\x64\debug\demokmdf.tlog\link.command.1.tlog
d:\code\windows_driver\demokmdf\demokmdf\x64\debug\demokmdf.tlog\link.read.1.tlog
d:\code\windows_driver\demokmdf\demokmdf\x64\debug\demokmdf.tlog\link.write.1.tlog
d:\code\windows_driver\demokmdf\demokmdf\x64\debug\demokmdf.tlog\signtool.command.1.tlog
d:\code\windows_driver\demokmdf\demokmdf\x64\debug\demokmdf.tlog\signtool.read.1.tlog
d:\code\windows_driver\demokmdf\demokmdf\x64\debug\demokmdf.tlog\signtool.timestamp.1.tlog
d:\code\windows_driver\demokmdf\demokmdf\x64\debug\demokmdf.tlog\signtool.write.1.tlog
d:\code\windows_driver\demokmdf\demokmdf\x64\debug\demokmdf.tlog\stampinf.command.1.tlog
d:\code\windows_driver\demokmdf\demokmdf\x64\debug\demokmdf.tlog\stampinf.read.1.tlog
d:\code\windows_driver\demokmdf\demokmdf\x64\debug\demokmdf.tlog\stampinf.write.1.tlog
