d:\code\windows_driver\template\template\x64\debug\vc143.pdb
d:\code\windows_driver\template\template\x64\debug\queue.obj
d:\code\windows_driver\template\template\x64\debug\driver.obj
d:\code\windows_driver\template\template\x64\debug\device.obj
d:\code\windows_driver\template\x64\debug\template\template.cat
d:\code\windows_driver\template\x64\debug\template.sys
d:\code\windows_driver\template\x64\debug\template.pdb
d:\code\windows_driver\template\template\x64\debug\template.inf
d:\code\windows_driver\template\x64\debug\template.cer
d:\code\windows_driver\template\x64\debug\template.inf
d:\code\windows_driver\template\template\x64\debug\template.tlog\cl.command.1.tlog
d:\code\windows_driver\template\template\x64\debug\template.tlog\cl.read.1.tlog
d:\code\windows_driver\template\template\x64\debug\template.tlog\cl.write.1.tlog
d:\code\windows_driver\template\template\x64\debug\template.tlog\inf2cat-expand.5588.read.1.tlog
d:\code\windows_driver\template\template\x64\debug\template.tlog\inf2cat-expand.5588.write.1.tlog
d:\code\windows_driver\template\template\x64\debug\template.tlog\inf2cat-expand.read.1.tlog
d:\code\windows_driver\template\template\x64\debug\template.tlog\inf2cat-expand.write.1.tlog
d:\code\windows_driver\template\template\x64\debug\template.tlog\inf2cat.command.1.tlog
d:\code\windows_driver\template\template\x64\debug\template.tlog\inf2cat.read.1.tlog
d:\code\windows_driver\template\template\x64\debug\template.tlog\inf2cat.write.1.tlog
d:\code\windows_driver\template\template\x64\debug\template.tlog\link.command.1.tlog
d:\code\windows_driver\template\template\x64\debug\template.tlog\link.read.1.tlog
d:\code\windows_driver\template\template\x64\debug\template.tlog\link.write.1.tlog
d:\code\windows_driver\template\template\x64\debug\template.tlog\signtool.command.1.tlog
d:\code\windows_driver\template\template\x64\debug\template.tlog\signtool.read.1.tlog
d:\code\windows_driver\template\template\x64\debug\template.tlog\signtool.timestamp.1.tlog
d:\code\windows_driver\template\template\x64\debug\template.tlog\signtool.write.1.tlog
d:\code\windows_driver\template\template\x64\debug\template.tlog\stampinf.command.1.tlog
d:\code\windows_driver\template\template\x64\debug\template.tlog\stampinf.read.1.tlog
d:\code\windows_driver\template\template\x64\debug\template.tlog\stampinf.write.1.tlog
