d:\code\windows_driver\demoumdf\demoumdf\x64\debug\vc143.pdb
d:\code\windows_driver\demoumdf\demoumdf\x64\debug\queue.obj
d:\code\windows_driver\demoumdf\demoumdf\x64\debug\driver.obj
d:\code\windows_driver\demoumdf\demoumdf\x64\debug\device.obj
d:\code\windows_driver\demoumdf\x64\debug\demoumdf.lib
d:\code\windows_driver\demoumdf\x64\debug\demoumdf.exp
d:\code\windows_driver\demoumdf\x64\debug\demoumdf\demoumdf.cat
d:\code\windows_driver\demoumdf\x64\debug\demoumdf.dll
d:\code\windows_driver\demoumdf\x64\debug\demoumdf.pdb
d:\code\windows_driver\demoumdf\demoumdf\x64\debug\demoumdf.inf
d:\code\windows_driver\demoumdf\x64\debug\demoumdf.cer
d:\code\windows_driver\demoumdf\x64\debug\demoumdf.inf
d:\code\windows_driver\demoumdf\demoumdf\x64\debug\demoumdf.tlog\cl.command.1.tlog
d:\code\windows_driver\demoumdf\demoumdf\x64\debug\demoumdf.tlog\cl.read.1.tlog
d:\code\windows_driver\demoumdf\demoumdf\x64\debug\demoumdf.tlog\cl.write.1.tlog
d:\code\windows_driver\demoumdf\demoumdf\x64\debug\demoumdf.tlog\demoumdf.write.1u.tlog
d:\code\windows_driver\demoumdf\demoumdf\x64\debug\demoumdf.tlog\inf2cat-expand.21188.read.1.tlog
d:\code\windows_driver\demoumdf\demoumdf\x64\debug\demoumdf.tlog\inf2cat-expand.21188.write.1.tlog
d:\code\windows_driver\demoumdf\demoumdf\x64\debug\demoumdf.tlog\inf2cat-expand.read.1.tlog
d:\code\windows_driver\demoumdf\demoumdf\x64\debug\demoumdf.tlog\inf2cat-expand.write.1.tlog
d:\code\windows_driver\demoumdf\demoumdf\x64\debug\demoumdf.tlog\inf2cat.command.1.tlog
d:\code\windows_driver\demoumdf\demoumdf\x64\debug\demoumdf.tlog\inf2cat.read.1.tlog
d:\code\windows_driver\demoumdf\demoumdf\x64\debug\demoumdf.tlog\inf2cat.write.1.tlog
d:\code\windows_driver\demoumdf\demoumdf\x64\debug\demoumdf.tlog\link.command.1.tlog
d:\code\windows_driver\demoumdf\demoumdf\x64\debug\demoumdf.tlog\link.read.1.tlog
d:\code\windows_driver\demoumdf\demoumdf\x64\debug\demoumdf.tlog\link.write.1.tlog
d:\code\windows_driver\demoumdf\demoumdf\x64\debug\demoumdf.tlog\signtool.command.1.tlog
d:\code\windows_driver\demoumdf\demoumdf\x64\debug\demoumdf.tlog\signtool.read.1.tlog
d:\code\windows_driver\demoumdf\demoumdf\x64\debug\demoumdf.tlog\signtool.timestamp.1.tlog
d:\code\windows_driver\demoumdf\demoumdf\x64\debug\demoumdf.tlog\signtool.write.1.tlog
d:\code\windows_driver\demoumdf\demoumdf\x64\debug\demoumdf.tlog\stampinf.command.1.tlog
d:\code\windows_driver\demoumdf\demoumdf\x64\debug\demoumdf.tlog\stampinf.read.1.tlog
d:\code\windows_driver\demoumdf\demoumdf\x64\debug\demoumdf.tlog\stampinf.write.1.tlog
